sacwsea started    11:37:57  29:02:12  Proj=0    Vers=0     
sacwsea finished   11:37:58  29:02:12  Proj=0    Vers=0     
sacwpre started    11:37:58  29:02:12  Proj=0    Vers=0     
sacwpre finished   11:37:58  29:02:12  Proj=0    Vers=0     
sacwslv started    11:37:58  29:02:12  Proj=0    Vers=0     
sacwslv finished   11:37:58  29:02:12  Proj=0    Vers=0     
sacwpst started    11:37:58  29:02:12  Proj=0    Vers=0     
sacwpst finished   11:37:58  29:02:12  Proj=0    Vers=0     
sacwtow started    11:39:52  29:02:12  Proj=0    Vers=0     
sacwtow finished   11:39:52  29:02:12  Proj=0    Vers=0     
sacwpre started    11:39:52  29:02:12  Proj=0    Vers=0     
sacwpre finished   11:39:52  29:02:12  Proj=0    Vers=0     
sacwslv started    11:39:52  29:02:12  Proj=0    Vers=0     
sacwslv finished   11:39:52  29:02:12  Proj=0    Vers=0     
sacwsea started    11:40:32  29:02:12  Proj=0    Vers=0     
sacwsea finished   11:40:34  29:02:12  Proj=0    Vers=0     
sacwpre started    11:40:34  29:02:12  Proj=0    Vers=0     
sacwpre finished   11:40:35  29:02:12  Proj=0    Vers=0     
sacwslv started    11:40:35  29:02:12  Proj=0    Vers=0     
sacwslv finished   11:40:36  29:02:12  Proj=0    Vers=0     
sacwgap started    11:40:36  29:02:12  Proj=0    Vers=0     
sacwgap finished   11:40:36  29:02:12  Proj=0    Vers=0     
sacwcmb started    11:40:36  29:02:12  Proj=0    Vers=0     
sacwcmb finished   11:40:37  29:02:12  Proj=0    Vers=0     
sacwcmb started    11:41:39  29:02:12  Proj=0    Vers=0     
sacwcmb finished   11:41:40  29:02:12  Proj=0    Vers=0     
sacwpst started    11:42:21  29:02:12  Proj=0    Vers=0     
sacwpst finished   11:42:22  29:02:12  Proj=0    Vers=0     
sacwpst started    11:43:18  29:02:12  Proj=0    Vers=0     
sacwpst finished   11:43:19  29:02:12  Proj=0    Vers=0     
sacwpvi started    11:43:19  29:02:12  Proj=0    Vers=0     
sacwpvi finished   11:43:19  29:02:12  Proj=0    Vers=0     
