


                   ####################################### 
                   #      HULL GEOMETRICAL DEFINITION    # 
                   ####################################### 


           Ship No.             :   100

           Ship Name            : L 50M CLASS PONTOON BARGE               



      INPUT DATA FOR DEFINITION OF HULLFORM


         MULT     LPP  BMOULD  DMOULD FRO-LPP/2   MAXYZ  KEELPL SHELLPL
      1.00000  50.000  16.000   3.500    25.000   0.000   0.015   0.015

      FRAME NO       5.
      SPACING  2.000  2.000

      LONGITUDINAL COORD FROM LPP/2 FOR FRAME
            -5       -4       -3       -2       -1        0        1        2
       -35.000  -33.000  -31.000  -29.000  -27.000  -25.000  -23.000  -21.000
             3        4        5        6        7        8        9       10
       -19.000  -17.000  -15.000  -13.000  -11.000   -9.000   -7.000   -5.000
            11       12       13       14       15       16       17       18
        -3.000   -1.000    1.000    3.000    5.000    7.000    9.000   11.000
            19       20       21       22       23       24       25       26
        13.000   15.000   17.000   19.000   21.000   23.000   25.000   27.000
            27       28       29       30       31       32       33       34
        29.000   31.000   33.000   35.000   37.000   39.000   41.000   43.000
 




      SHIPCONTOUR ON CL

                       FRAME-CONTOUR
        FR.NO     DX   TYP  B0 Z0   Z      Y      Z      Y      Z      Y   
 STERN    0.00   0.000   2  3.500
          0.00   0.000   2  1.750  1.750  7.400
          0.00   0.300   2  1.600  1.600  7.700
          0.00   0.600   2  1.450  1.450  8.000
          0.00   2.500   2  0.500  0.500  8.000
          0.00   3.500   2  0.000  0.000  8.000
 KEEL     0.00   3.500   2  0.000  0.000  8.000
          0.00   5.000   2  0.000  0.000  8.000
          0.00  10.000   2  0.000  0.000  8.000
          0.00  15.000   2  0.000  0.000  8.000
          0.00  20.000   2  0.000  0.000  8.000
          0.00  25.000   2  0.000  0.000  8.000
          0.00  30.000   2  0.000  0.000  8.000
          0.00  35.000   2  0.000  0.000  8.000
          0.00  40.000   2  0.000  0.000  8.000
          0.00  45.000   2  0.000  0.000  8.000
          0.00  46.300   2  0.000  0.000  8.000
 STEM     0.00  46.300   2  0.000  0.000  8.000
          0.00  47.500   2  0.714  0.714  8.000
          0.00  49.000   2  1.605  1.605  8.000
          0.00  49.500   2  1.903  1.903  7.500
          0.00  50.000   2  2.200  2.200  7.000
          0.00  50.000   2  3.500
 




          DATASHEET 2  IS STORED


          DATASHEET 3  IS STORED
 


      INPUT DATA DESCRIBING DECK-CORNER
      NO= NUMBER OF DECK
      RAD=RADIUS OF DECKCORNER
      INTERP.FACTOR REFERS ALWAYS TO THE PRECEDING INTERVAL
      CAMBER NO REFERS TO CAMBER-DATA


      LINE  NO    FR.NO    DX        Y      Z INTERP  RADIE CAMBER
 
        1.  1.0   0.000   0.000  7.400  3.500  0.000  0.000  1.000
        2.  1.0   0.000   0.300  7.700  3.500  2.000  0.000  1.000
        3.  1.0   0.000   0.600  8.000  3.500 -2.000  0.000  1.000
        4.  1.0   0.000   2.500  8.000  3.500  2.000  0.000  1.000
        5.  1.0   0.000   5.000  8.000  3.500  3.000  0.000  1.000
        6.  1.0   0.000  10.000  8.000  3.500  3.000  0.000  1.000
        7.  1.0   0.000  15.000  8.000  3.500  3.000  0.000  1.000
        8.  1.0   0.000  20.000  8.000  3.500  3.000  0.000  1.000
        9.  1.0   0.000  25.000  8.000  3.500  3.000  0.000  1.000
       10.  1.0   0.000  30.000  8.000  3.500  3.000  0.000  1.000
       11.  1.0   0.000  35.000  8.000  3.500  3.000  0.000  1.000
       12.  1.0   0.000  40.000  8.000  3.500  3.000  0.000  1.000
       13.  1.0   0.000  45.000  8.000  3.500  3.000  0.000  1.000
       14.  1.0   0.000  47.500  8.000  3.500  3.000  0.000  1.000
       15.  1.0   0.000  49.000  8.000  3.500 -2.000  0.000  1.000
       16.  1.0   0.000  49.500  7.500  3.500  2.000  0.000  1.000
       17.  1.0   0.000  50.000  7.000  3.500 -2.000  0.000  1.000
 


      INPUT DATA DESCRIBING CAMBER
          CAMBER       U       V       H
           1.000  16.000   0.120   0.000
1


          FOLLOWING TABCYL CURVES WILL DEFINE THE HULL:


          NO DEFINED WATERLINES


          NO DEFINED KNUCKLES


           DECK    NR MARK RADIUS CAMBER   VALID AT STATIONS
                                           FRAME,    X-COORD

           D001     1  0    0.000   1       0.000    -25.000
           D001     1  0    0.000   1      25.000     25.000
 
1



          X-COORD FROM LPP/2 FOR WATERLINES AT CL-CONTOUR
                    WL  X-STERN   X-STEM
